03.10.2021 - 11:43:30 - PixelVip Log: EnableVip | key: null | Katsuhira | vip | Expires on: 02/11/2021 11:43:30
03.10.2021 - 11:43:30 - PixelVip Log: Running Command - "broadcast &eKatsuhira &fadlı oyuncu mağazayı kullanarak &6VIP &fürününü satın aldı."
03.10.2021 - 11:43:30 - PixelVip Log: Running Command - "tempfly give Katsuhira 30m"
03.10.2021 - 11:43:30 - PixelVip Log: Running Command - "eco give Katsuhira 1000"
03.10.2021 - 11:43:57 - PixelVip Log: RemoveVip | Katsuhira | vip
03.10.2021 - 11:43:57 - PixelVip Log: Running Command - "manuadd Katsuhira oyuncu"
03.10.2021 - 11:43:57 - PixelVip Log: Running Command - "nick Katsuhira off"
03.10.2021 - 11:50:19 - PixelVip Log: EnableVip | key: null | Katsuhira | mvip+ | Expires on: 02/11/2021 11:50:19
03.10.2021 - 11:50:19 - PixelVip Log: Running Command - "broadcast &eKatsuhira &fadlı oyuncu mağazayı kullanarak &aMVIP+ &fürününü satın aldı."
03.10.2021 - 11:50:19 - PixelVip Log: Running Command - "tempfly give Katsuhira 60m"
03.10.2021 - 11:50:19 - PixelVip Log: Running Command - "eco give Katsuhira 5000"
03.10.2021 - 11:50:34 - PixelVip Log: RemoveVip | Katsuhira | mvip+
03.10.2021 - 11:50:34 - PixelVip Log: Running Command - "manuadd Katsuhira oyuncu"
03.10.2021 - 11:50:34 - PixelVip Log: Running Command - "nick Katsuhira off"
03.10.2021 - 11:52:38 - PixelVip Log: EnableVip | key: null | Katsuhira | vip | Expires on: 02/11/2021 11:52:38
03.10.2021 - 11:52:39 - PixelVip Log: Running Command - "broadcast &eKatsuhira &fadlı oyuncu mağazayı kullanarak &6VIP &fürününü satın aldı."
03.10.2021 - 11:52:39 - PixelVip Log: Running Command - "tempfly give Katsuhira 30m"
03.10.2021 - 11:52:39 - PixelVip Log: Running Command - "eco give Katsuhira 1000"
03.10.2021 - 11:53:33 - PixelVip Log: RemoveVip | Katsuhira | vip
03.10.2021 - 11:53:33 - PixelVip Log: Running Command - "manuadd Katsuhira oyuncu"
03.10.2021 - 11:53:33 - PixelVip Log: Running Command - "nick Katsuhira off"
03.10.2021 - 11:54:30 - PixelVip Log: EnableVip | key: null | Katsuhira | mvip | Expires on: 04/10/2021 11:54:30
03.10.2021 - 11:54:31 - PixelVip Log: Running Command - "broadcast &eKatsuhira &fadlı oyuncu mağazayı kullanarak &aMVIP &fürününü satın aldı."
03.10.2021 - 11:54:31 - PixelVip Log: Running Command - "tempfly give Katsuhira 50m"
03.10.2021 - 11:54:31 - PixelVip Log: Running Command - "eco give Katsuhira 2500"
03.10.2021 - 11:54:46 - PixelVip Log: RemoveVip | Katsuhira | mvip
03.10.2021 - 11:54:46 - PixelVip Log: Running Command - "manuadd Katsuhira oyuncu"
03.10.2021 - 11:54:46 - PixelVip Log: Running Command - "nick Katsuhira off"
03.10.2021 - 11:55:32 - PixelVip Log: EnableVip | key: null | Katsuhira | mvip | Expires on: 04/10/2021 11:55:32
03.10.2021 - 11:55:33 - PixelVip Log: Running Command - "broadcast &eKatsuhira &fadlı oyuncu mağazayı kullanarak &aMVIP &fürününü satın aldı."
03.10.2021 - 11:55:33 - PixelVip Log: Running Command - "tempfly give Katsuhira 50m"
03.10.2021 - 11:55:33 - PixelVip Log: Running Command - "eco give Katsuhira 2500"
03.10.2021 - 11:55:45 - PixelVip Log: RemoveVip | Katsuhira | mvip
03.10.2021 - 11:55:45 - PixelVip Log: Running Command - "manuadd Katsuhira oyuncu"
03.10.2021 - 11:55:45 - PixelVip Log: Running Command - "nick Katsuhira off"
03.10.2021 - 11:58:10 - PixelVip Log: EnableVip | key: null | Katsuhira | mvip | Expires on: 04/10/2021 11:58:10
03.10.2021 - 11:58:10 - PixelVip Log: Running Command - "broadcast &eKatsuhira &fadlı oyuncu mağazayı kullanarak &aMVIP &fürününü satın aldı."
03.10.2021 - 11:58:10 - PixelVip Log: Running Command - "tempfly give Katsuhira 50m"
03.10.2021 - 11:58:10 - PixelVip Log: Running Command - "eco give Katsuhira 2500"
03.10.2021 - 11:58:22 - PixelVip Log: RemoveVip | Katsuhira | mvip
03.10.2021 - 11:58:22 - PixelVip Log: Running Command - "manuadd Katsuhira oyuncu"
03.10.2021 - 11:58:23 - PixelVip Log: Running Command - "nick Katsuhira off"
03.10.2021 - 12:03:03 - PixelVip Log: EnableVip | key: null | Katsuhira | mvip | Expires on: 04/10/2021 12:03:03
03.10.2021 - 12:03:04 - PixelVip Log: Running Command - "broadcast &eKatsuhira &fadlı oyuncu mağazayı kullanarak &aMVIP &fürününü satın aldı."
03.10.2021 - 12:03:04 - PixelVip Log: Running Command - "tempfly give Katsuhira 50m"
03.10.2021 - 12:03:04 - PixelVip Log: Running Command - "eco give Katsuhira 2500"
03.10.2021 - 12:03:17 - PixelVip Log: RemoveVip | Katsuhira | mvip
03.10.2021 - 12:03:17 - PixelVip Log: Running Command - "manuadd Katsuhira oyuncu"
03.10.2021 - 12:03:17 - PixelVip Log: Running Command - "nick Katsuhira off"
03.10.2021 - 12:04:08 - PixelVip Log: EnableVip | key: null | Katsuhira | mvip+ | Expires on: 04/10/2021 12:04:08
03.10.2021 - 12:04:08 - PixelVip Log: Running Command - "broadcast &eKatsuhira &fadlı oyuncu mağazayı kullanarak &aMVIP+ &fürününü satın aldı."
03.10.2021 - 12:04:08 - PixelVip Log: Running Command - "tempfly give Katsuhira 60m"
03.10.2021 - 12:04:08 - PixelVip Log: Running Command - "eco give Katsuhira 5000"
03.10.2021 - 12:04:25 - PixelVip Log: RemoveVip | Katsuhira | mvip+
03.10.2021 - 12:04:25 - PixelVip Log: Running Command - "manuadd Katsuhira oyuncu"
03.10.2021 - 12:04:25 - PixelVip Log: Running Command - "nick Katsuhira off"
03.10.2021 - 12:06:00 - PixelVip Log: EnableVip | key: null | Katsuhira | vip | Expires on: 04/10/2021 12:06:00
03.10.2021 - 12:06:00 - PixelVip Log: Running Command - "broadcast &eKatsuhira &fadlı oyuncu mağazayı kullanarak &6VIP &fürününü satın aldı."
03.10.2021 - 12:06:00 - PixelVip Log: Running Command - "tempfly give Katsuhira 30m"
03.10.2021 - 12:06:00 - PixelVip Log: Running Command - "eco give Katsuhira 1000"
03.10.2021 - 12:06:23 - PixelVip Log: RemoveVip | Katsuhira | vip
03.10.2021 - 12:06:23 - PixelVip Log: Running Command - "manuadd Katsuhira oyuncu"
03.10.2021 - 12:06:23 - PixelVip Log: Running Command - "nick Katsuhira off"
03.10.2021 - 12:06:23 - PixelVip Log: Running Command - "manuadd Katsuhira oyuncu"
03.10.2021 - 12:08:44 - PixelVip Log: EnableVip | key: null | Katsuhira | vip | Expires on: 04/10/2021 12:08:44
03.10.2021 - 12:08:45 - PixelVip Log: Running Command - "broadcast &eKatsuhira &fadlı oyuncu mağazayı kullanarak &6VIP &fürününü satın aldı."
03.10.2021 - 12:08:45 - PixelVip Log: Running Command - "tempfly give Katsuhira 30m"
03.10.2021 - 12:08:45 - PixelVip Log: Running Command - "eco give Katsuhira 1000"
03.10.2021 - 12:09:21 - PixelVip Log: RemoveVip | Katsuhira | vip
03.10.2021 - 12:09:22 - PixelVip Log: Running Command - "manuadd Katsuhira oyuncu"
03.10.2021 - 12:09:22 - PixelVip Log: Running Command - "nick Katsuhira off"
03.10.2021 - 12:09:22 - PixelVip Log: Running Command - "manuadd Katsuhira oyuncu"
03.10.2021 - 12:25:06 - PixelVip Log: EnableVip | key: null | Katsuhira | mvip | Expires on: 04/10/2021 12:25:06
03.10.2021 - 12:25:06 - PixelVip Log: Running Command - "broadcast &eKatsuhira &fadlı oyuncu mağazayı kullanarak &aMVIP &fürününü satın aldı."
03.10.2021 - 12:25:06 - PixelVip Log: Running Command - "tempfly give Katsuhira 50m"
03.10.2021 - 12:25:06 - PixelVip Log: Running Command - "eco give Katsuhira 2500"
03.10.2021 - 12:25:22 - PixelVip Log: RemoveVip | Katsuhira | mvip
03.10.2021 - 12:25:23 - PixelVip Log: Running Command - "manuadd Katsuhira oyuncu"
03.10.2021 - 12:25:23 - PixelVip Log: Running Command - "nick Katsuhira off"
03.10.2021 - 12:25:23 - PixelVip Log: Running Command - "manuadd Katsuhira oyuncu"
03.10.2021 - 12:27:59 - PixelVip Log: EnableVip | key: null | Katsuhira | mvip | Expires on: 04/10/2021 12:27:59
03.10.2021 - 12:27:59 - PixelVip Log: Running Command - "broadcast &eKatsuhira &fadlı oyuncu mağazayı kullanarak &aMVIP &fürününü satın aldı."
03.10.2021 - 12:27:59 - PixelVip Log: Running Command - "tempfly give Katsuhira 50m"
03.10.2021 - 12:27:59 - PixelVip Log: Running Command - "eco give Katsuhira 2500"
03.10.2021 - 12:28:04 - PixelVip Log: RemoveVip | Katsuhira | mvip
03.10.2021 - 12:28:04 - PixelVip Log: Running Command - "manuadd Katsuhira oyuncu"
03.10.2021 - 12:28:04 - PixelVip Log: Running Command - "nick Katsuhira off"
03.10.2021 - 12:28:04 - PixelVip Log: Running Command - "manuadd Katsuhira oyuncu"
03.10.2021 - 12:28:43 - PixelVip Log: EnableVip | key: null | Katsuhira | mvip | Expires on: 04/10/2021 12:28:43
03.10.2021 - 12:28:43 - PixelVip Log: Running Command - "broadcast &eKatsuhira &fadlı oyuncu mağazayı kullanarak &aMVIP &fürününü satın aldı."
03.10.2021 - 12:28:43 - PixelVip Log: Running Command - "tempfly give Katsuhira 50m"
03.10.2021 - 12:28:43 - PixelVip Log: Running Command - "eco give Katsuhira 2500"
03.10.2021 - 12:29:01 - PixelVip Log: RemoveVip | Katsuhira | mvip
03.10.2021 - 12:29:01 - PixelVip Log: Running Command - "manuadd Katsuhira oyuncu"
03.10.2021 - 12:29:01 - PixelVip Log: Running Command - "nick Katsuhira off"
03.10.2021 - 12:29:01 - PixelVip Log: Running Command - "manuadd Katsuhira oyuncu"
03.10.2021 - 12:29:18 - PixelVip Log: EnableVip | key: null | Eingeweide | mvip | Expires on: 04/10/2021 12:29:18
03.10.2021 - 12:29:19 - PixelVip Log: Running Command - "broadcast &eEingeweide &fadlı oyuncu mağazayı kullanarak &aMVIP &fürününü satın aldı."
03.10.2021 - 12:29:19 - PixelVip Log: Running Command - "tempfly give Eingeweide 50m"
03.10.2021 - 12:29:19 - PixelVip Log: Running Command - "eco give Eingeweide 2500"
03.10.2021 - 12:29:42 - PixelVip Log: RemoveVip | Eingeweide | mvip
03.10.2021 - 12:29:43 - PixelVip Log: Running Command - "manuadd Eingeweide oyuncu"
03.10.2021 - 12:29:43 - PixelVip Log: Running Command - "nick Eingeweide off"
03.10.2021 - 12:29:43 - PixelVip Log: Running Command - "manuadd Eingeweide oyuncu"
03.10.2021 - 12:31:17 - PixelVip Log: EnableVip | key: null | Katsuhira | vip | Expires on: 04/10/2021 12:31:17
03.10.2021 - 12:31:17 - PixelVip Log: Running Command - "broadcast &eKatsuhira &fadlı oyuncu mağazayı kullanarak &6VIP &fürününü satın aldı."
03.10.2021 - 12:31:17 - PixelVip Log: Running Command - "tempfly give Katsuhira 30m"
03.10.2021 - 12:31:18 - PixelVip Log: Running Command - "eco give Katsuhira 1000"
03.10.2021 - 12:31:18 - PixelVip Log: Running Command - "manuadd Katsuhira vip"
03.10.2021 - 12:31:32 - PixelVip Log: RemoveVip | Katsuhira | vip
03.10.2021 - 12:31:33 - PixelVip Log: Running Command - "manuadd Katsuhira oyuncu"
03.10.2021 - 12:31:33 - PixelVip Log: Running Command - "nick Katsuhira off"
03.10.2021 - 12:31:33 - PixelVip Log: Running Command - "manuadd Katsuhira oyuncu"
03.10.2021 - 12:33:26 - PixelVip Log: EnableVip | key: null | Katsuhira | mvip+ | Expires on: 04/10/2021 12:33:26
03.10.2021 - 12:33:26 - PixelVip Log: Running Command - "broadcast &eKatsuhira &fadlı oyuncu mağazayı kullanarak &aMVIP+ &fürününü satın aldı."
03.10.2021 - 12:33:26 - PixelVip Log: Running Command - "tempfly give Katsuhira 60m"
03.10.2021 - 12:33:26 - PixelVip Log: Running Command - "eco give Katsuhira 5000"
03.10.2021 - 12:33:26 - PixelVip Log: Running Command - "manuadd Katsuhira mvip+"
03.10.2021 - 12:33:37 - PixelVip Log: RemoveVip | Katsuhira | mvip+
03.10.2021 - 12:33:37 - PixelVip Log: Running Command - "manuadd Katsuhira oyuncu"
03.10.2021 - 12:33:37 - PixelVip Log: Running Command - "nick Katsuhira off"
03.10.2021 - 12:33:37 - PixelVip Log: Running Command - "manuadd Katsuhira oyuncu"
03.10.2021 - 14:37:29 - PixelVip Log: EnableVip | key: null | Eingeweide | vip | Expires on: 10/10/2021 14:37:29
03.10.2021 - 14:37:29 - PixelVip Log: Running Command - "broadcast &eEingeweide &fadlı oyuncu mağazayı kullanarak &6VIP &fürününü satın aldı."
03.10.2021 - 14:37:29 - PixelVip Log: Running Command - "tempfly give Eingeweide 30m"
03.10.2021 - 14:37:29 - PixelVip Log: Running Command - "eco give Eingeweide 1000"
03.10.2021 - 14:37:29 - PixelVip Log: Running Command - "manuadd Eingeweide vip"
03.10.2021 - 14:51:22 - PixelVip Log: RemoveVip | Eingeweide | vip
03.10.2021 - 14:51:22 - PixelVip Log: Running Command - "manuadd Eingeweide oyuncu"
03.10.2021 - 14:51:22 - PixelVip Log: Running Command - "nick Eingeweide off"
03.10.2021 - 14:51:22 - PixelVip Log: Running Command - "manuadd Eingeweide oyuncu"
03.10.2021 - 14:55:03 - PixelVip Log: EnableVip | key: null | Eingeweide | vip | Expires on: 04/10/2021 14:55:03
03.10.2021 - 14:55:03 - PixelVip Log: Running Command - "broadcast &eEingeweide &fadlı oyuncu mağazayı kullanarak &6VIP &fürününü satın aldı."
03.10.2021 - 14:55:03 - PixelVip Log: Running Command - "tempfly give Eingeweide 30m"
03.10.2021 - 14:55:03 - PixelVip Log: Running Command - "eco give Eingeweide 1000"
03.10.2021 - 14:55:03 - PixelVip Log: Running Command - "manuadd Eingeweide vip"
03.10.2021 - 14:56:20 - PixelVip Log: EnableVip | key: null | Eingeweide | vip | Expires on: 05/10/2021 14:55:03
03.10.2021 - 14:56:20 - PixelVip Log: Running Command - "broadcast &eEingeweide &fadlı oyuncu mağazayı kullanarak &6VIP &fürününü satın aldı."
03.10.2021 - 14:56:20 - PixelVip Log: Running Command - "tempfly give Eingeweide 30m"
03.10.2021 - 14:56:20 - PixelVip Log: Running Command - "eco give Eingeweide 1000"
03.10.2021 - 14:56:20 - PixelVip Log: Running Command - "manuadd Eingeweide vip"
03.10.2021 - 14:57:01 - PixelVip Log: EnableVip | key: null | Eingeweide | vip+ | Expires on: 04/10/2021 14:57:01
03.10.2021 - 14:57:01 - PixelVip Log: Running Command - "broadcast &eEingeweide &fadlı oyuncu mağazayı kullanarak &6VIP&c+ &fürününü satın aldı."
03.10.2021 - 14:57:01 - PixelVip Log: Running Command - "tempfly give Eingeweide 40m"
03.10.2021 - 14:57:01 - PixelVip Log: Running Command - "eco give Eingeweide 1500"
03.10.2021 - 14:57:01 - PixelVip Log: Running Command - "manuadd Eingeweide vip+"
12.10.2021 - 08:29:48 - PixelVip Log: RemoveVip | Eingeweide | vip
12.10.2021 - 08:29:48 - PixelVip Log: Running Command - "manuadd Eingeweide oyuncu"
13.10.2021 - 08:30:17 - PixelVip Log: RemoveVip | Eingeweide | vip+
13.10.2021 - 08:30:17 - PixelVip Log: Running Command - "manuadd Eingeweide oyuncu"
13.10.2021 - 08:30:17 - PixelVip Log: Running Command - "nick Eingeweide off"
13.10.2021 - 08:30:17 - PixelVip Log: Running Command - "manuadd Eingeweide oyuncu"
