[13:32:00] [Server thread/INFO]: Starting minecraft server version 1.8.8
[13:32:00] [Server thread/INFO]: Loading properties
[13:32:00] [Server thread/INFO]: Default game type: SURVIVAL
[13:32:00] [Server thread/INFO]: This server is running CraftBukkit version git-Spigot-db6de12-18fbb24 (MC: 1.8.8) (Implementing API version 1.8.8-R0.1-SNAPSHOT)
[13:32:00] [Server thread/INFO]: Unable to find file ops.json, creating it.
[13:32:00] [Server thread/INFO]: Unable to find file whitelist.json, creating it.
[13:32:00] [Server thread/INFO]: Debug logging is disabled
[13:32:00] [Server thread/INFO]: Using 4 threads for Netty based IO
[13:32:00] [Server thread/INFO]: Server Ping Player Sample Count: 12
[13:32:01] [Server thread/INFO]: Generating keypair
[13:32:01] [Server thread/INFO]: Starting Minecraft server on *:25565
[13:32:01] [Server thread/INFO]: Using default channel type
[13:32:01] [Server thread/INFO]: Set PluginClassLoader as parallel capable
[13:32:01] [Server thread/INFO]: [MiniMOTD] Loading MiniMOTD v2.0.8
[13:32:01] [Server thread/INFO]: [asCMD] Loading asCMD v2.2
[13:32:01] [Server thread/INFO]: [SkinsRestorer] Loading SkinsRestorer v14.2.3
[13:32:01] [Server thread/INFO]: [WorldEdit] Loading WorldEdit v6.1.3;7a097ca
[13:32:01] [Server thread/INFO]: [Skript] Loading Skript v2.2-dev25
[13:32:01] [Server thread/INFO]: [AutoPickup] Loading AutoPickup v3.9
[13:32:01] [Server thread/INFO]: [GroupManager] Loading GroupManager v2.0.1-b332
[13:32:01] [Server thread/INFO]: [PlaceholderAPI] Loading PlaceholderAPI v2.10.9
[13:32:01] [Server thread/INFO]: [skUtilities] Loading skUtilities v0.9.2
[13:32:01] [Server thread/INFO]: [OrePlus] Loading OrePlus v1.1.1
[13:32:01] [Server thread/INFO]: [NametagEdit] Loading NametagEdit v4.4.0
[13:32:01] [Server thread/INFO]: [skript-mirror] Loading skript-mirror v1.0.0
[13:32:01] [Server thread/INFO]: [Vault] Loading Vault v1.7.3-b131
[13:32:01] [Server thread/INFO]: [MyCommand] Loading MyCommand v5.3.4
[13:32:01] [Server thread/INFO]: [TheFloorIsLava] Loading TheFloorIsLava v1.3.0
[13:32:01] [Server thread/INFO]: [WorldGuard] Loading WorldGuard v6.1.2;e38d98d
[13:32:01] [Server thread/INFO]: [skript-yaml] Loading skript-yaml v1.2.5
[13:32:01] [Server thread/INFO]: [AnimatedScoreboard] Loading AnimatedScoreboard v0.2.2
[13:32:01] [Server thread/INFO]: [Essentials] Loading Essentials v2.17.1.0
[13:32:01] [Server thread/INFO]: [EssentialsChat] Loading EssentialsChat v2.17.1.0
[13:32:01] [Server thread/INFO]: [ArmorStandTools] Loading ArmorStandTools v2.1.4
[13:32:01] [Server thread/INFO]: [TAB] Loading TAB v3.1.5
[13:32:01] [Server thread/INFO]: [EssentialsSpawn] Loading EssentialsSpawn v2.17.1.0
[13:32:01] [Server thread/INFO]: [AuthMe] Loading AuthMe v5.6.0-beta1-b2226
[13:32:01] [Server thread/INFO]: [OrePlus] Enabling OrePlus v1.1.1
[13:32:01] [Server thread/INFO]: [Vault] Enabling Vault v1.7.3-b131
[13:32:01] [Server thread/INFO]: [Vault] [Economy] Essentials Economy found: Waiting
[13:32:01] [Server thread/INFO]: [Vault] [Permission] GroupManager found: Waiting
[13:32:01] [Server thread/INFO]: [Vault] [Permission] SuperPermissions loaded as backup permission system.
[13:32:01] [Server thread/INFO]: [Vault] [Chat] GroupManager found: Waiting
[13:32:01] [Server thread/INFO]: [Vault] Enabled Version 1.7.3-b131
[13:32:01] [Server thread/INFO]: **** Beginning UUID conversion, this may take A LONG time ****
[13:32:01] [Server thread/INFO]: Preparing level "world"
[13:32:01] [Server thread/INFO]: -------- World Settings For [world] --------
[13:32:01] [Server thread/INFO]: Item Despawn Rate: 6000
[13:32:01] [Server thread/INFO]: Item Merge Radius: 2.5
[13:32:01] [Server thread/INFO]: Allow Zombie Pigmen to spawn from portal blocks: true
[13:32:01] [Server thread/INFO]: Hopper Transfer: 8 Hopper Check: 1 Hopper Amount: 1
[13:32:01] [Server thread/INFO]: Anti X-Ray: true
[13:32:01] [Server thread/INFO]: 	Engine Mode: 1
[13:32:01] [Server thread/INFO]: 	Hidden Blocks: [14, 15, 16, 21, 48, 49, 54, 56, 73, 74, 82, 129, 130]
[13:32:01] [Server thread/INFO]: 	Replace Blocks: [1, 5]
[13:32:01] [Server thread/INFO]: Arrow Despawn Rate: 1200
[13:32:01] [Server thread/INFO]: View Distance: 10
[13:32:01] [Server thread/INFO]: Zombie Aggressive Towards Villager: true
[13:32:01] [Server thread/INFO]: Experience Merge Radius: 3.0
[13:32:01] [Server thread/INFO]: Chunks to Grow per Tick: 650
[13:32:01] [Server thread/INFO]: Clear tick list: false
[13:32:01] [Server thread/INFO]: Custom Map Seeds:  Village: 10387312 Feature: 14357617
[13:32:01] [Server thread/INFO]: Max Entity Collisions: 8
[13:32:01] [Server thread/INFO]: Mob Spawn Range: 4
[13:32:01] [Server thread/INFO]: Entity Activation Range: An 32 / Mo 32 / Mi 16
[13:32:01] [Server thread/INFO]: Structure Info Saving: true
[13:32:01] [Server thread/INFO]: Sending up to 10 chunks per packet
[13:32:01] [Server thread/INFO]: Cactus Growth Modifier: 100%
[13:32:01] [Server thread/INFO]: Cane Growth Modifier: 100%
[13:32:01] [Server thread/INFO]: Melon Growth Modifier: 100%
[13:32:01] [Server thread/INFO]: Mushroom Growth Modifier: 100%
[13:32:01] [Server thread/INFO]: Pumpkin Growth Modifier: 100%
[13:32:01] [Server thread/INFO]: Sapling Growth Modifier: 100%
[13:32:01] [Server thread/INFO]: Wheat Growth Modifier: 100%
[13:32:01] [Server thread/INFO]: NetherWart Growth Modifier: 100%
[13:32:01] [Server thread/INFO]: Random Lighting Updates: false
[13:32:01] [Server thread/INFO]: Entity Tracking Range: Pl 48 / An 48 / Mo 48 / Mi 32 / Other 64
[13:32:01] [Server thread/INFO]: Nerfing mobs spawned from spawners: false
[13:32:01] [Server thread/INFO]: Max TNT Explosions: 100
[13:32:01] [Server thread/INFO]: Tile Max Tick Time: 50ms Entity max Tick Time: 50ms
[13:32:01] [Server thread/WARN]: Unable to find spawn biome
[13:32:02] [Server thread/INFO]: -------- World Settings For [world_nether] --------
[13:32:02] [Server thread/INFO]: Item Despawn Rate: 6000
[13:32:02] [Server thread/INFO]: Item Merge Radius: 2.5
[13:32:02] [Server thread/INFO]: Allow Zombie Pigmen to spawn from portal blocks: true
[13:32:02] [Server thread/INFO]: Hopper Transfer: 8 Hopper Check: 1 Hopper Amount: 1
[13:32:02] [Server thread/INFO]: Anti X-Ray: true
[13:32:02] [Server thread/INFO]: 	Engine Mode: 1
[13:32:02] [Server thread/INFO]: 	Hidden Blocks: [14, 15, 16, 21, 48, 49, 54, 56, 73, 74, 82, 129, 130]
[13:32:02] [Server thread/INFO]: 	Replace Blocks: [1, 5]
[13:32:02] [Server thread/INFO]: Arrow Despawn Rate: 1200
[13:32:02] [Server thread/INFO]: View Distance: 10
[13:32:02] [Server thread/INFO]: Zombie Aggressive Towards Villager: true
[13:32:02] [Server thread/INFO]: Experience Merge Radius: 3.0
[13:32:02] [Server thread/INFO]: Chunks to Grow per Tick: 650
[13:32:02] [Server thread/INFO]: Clear tick list: false
[13:32:02] [Server thread/INFO]: Custom Map Seeds:  Village: 10387312 Feature: 14357617
[13:32:02] [Server thread/INFO]: Max Entity Collisions: 8
[13:32:02] [Server thread/INFO]: Mob Spawn Range: 4
[13:32:02] [Server thread/INFO]: Entity Activation Range: An 32 / Mo 32 / Mi 16
[13:32:02] [Server thread/INFO]: Structure Info Saving: true
[13:32:02] [Server thread/INFO]: Sending up to 10 chunks per packet
[13:32:02] [Server thread/INFO]: Cactus Growth Modifier: 100%
[13:32:02] [Server thread/INFO]: Cane Growth Modifier: 100%
[13:32:02] [Server thread/INFO]: Melon Growth Modifier: 100%
[13:32:02] [Server thread/INFO]: Mushroom Growth Modifier: 100%
[13:32:02] [Server thread/INFO]: Pumpkin Growth Modifier: 100%
[13:32:02] [Server thread/INFO]: Sapling Growth Modifier: 100%
[13:32:02] [Server thread/INFO]: Wheat Growth Modifier: 100%
[13:32:02] [Server thread/INFO]: NetherWart Growth Modifier: 100%
[13:32:02] [Server thread/INFO]: Random Lighting Updates: false
[13:32:02] [Server thread/INFO]: Entity Tracking Range: Pl 48 / An 48 / Mo 48 / Mi 32 / Other 64
[13:32:02] [Server thread/INFO]: Nerfing mobs spawned from spawners: false
[13:32:02] [Server thread/INFO]: Max TNT Explosions: 100
[13:32:02] [Server thread/INFO]: Tile Max Tick Time: 50ms Entity max Tick Time: 50ms
[13:32:02] [Server thread/INFO]: Preparing start region for level 0 (Seed: -6408644965228383257)
[13:32:02] [Server thread/INFO]: [OrePlus] Loaded default rules: 1 clear rules found
[13:32:02] [Server thread/INFO]: [OrePlus] Loaded default rules: 4 generator rules found
[13:32:03] [Server thread/INFO]: Preparing spawn area: 10%
[13:32:04] [Server thread/INFO]: Preparing spawn area: 21%
[13:32:05] [Server thread/INFO]: Preparing spawn area: 31%
[13:32:06] [Server thread/INFO]: Preparing spawn area: 42%
[13:32:07] [Server thread/INFO]: Preparing spawn area: 54%
[13:32:08] [Server thread/INFO]: Preparing spawn area: 66%
