01.12.2022 - 22:19:57 - [TAB v3.1.5] Something just tried to add player cheraphp into team HAQLT_AAAAA1 (expected team: 8cheraphpA)
01.12.2022 - 22:21:28 - [TAB v3.1.5] Something just tried to add player cheraphp into team HAQLT_AAAAA2 (expected team: 8cheraphpA)
01.12.2022 - 22:25:27 - [TAB v3.1.5] Something just tried to add player cheraphp into team FBYLD_AAAAA1 (expected team: 2cheraphpA)
01.12.2022 - 22:26:02 - [TAB v3.1.5] Something just tried to add player cheraphp into team FBYLD_AAAAA2 (expected team: 2cheraphpA)
01.12.2022 - 22:33:50 - [TAB v3.1.5] Something just tried to add player cheraphp into team FBYLD_AAAAA3 (expected team: 2cheraphpA)
01.12.2022 - 22:34:20 - [TAB v3.1.5] Something just tried to add player cheraphp into team FBYLD_AAAAA4 (expected team: 2cheraphpA)
01.12.2022 - 22:42:23 - [TAB v3.1.5] Something just tried to add player cheraphp into team FBYLD_AAAAA5 (expected team: 2cheraphpA)
02.12.2022 - 11:32:00 - [TAB v3.1.5] Something just tried to add player cheraphp into team IHPAY_AAAAA1 (expected team: 2cheraphpA)
02.12.2022 - 11:32:45 - [TAB v3.1.5] Something just tried to add player cheraphp into team IHPAY_AAAAA2 (expected team: 2cheraphpA)
02.12.2022 - 11:35:17 - [TAB v3.1.5] Something just tried to add player cheraphp into team IHPAY_AAAAA3 (expected team: 2cheraphpA)
02.12.2022 - 11:36:29 - [TAB v3.1.5] Something just tried to add player cheraphp into team IHPAY_AAAAA4 (expected team: 2cheraphpA)
02.12.2022 - 11:38:03 - [TAB v3.1.5] Something just tried to add player cheraphp into team IHPAY_AAAAA5 (expected team: 2cheraphpA)
02.12.2022 - 11:39:24 - [TAB v3.1.5] Something just tried to add player cheraphp into team IHPAY_AAAAA6 (expected team: 2cheraphpA)
02.12.2022 - 11:40:28 - [TAB v3.1.5] Something just tried to add player cheraphp into team IHPAY_AAAAA7 (expected team: 2cheraphpA)
02.12.2022 - 19:14:40 - [TAB v3.1.5] Something just tried to add player cheraphp into team IHPAY_AAAAA8 (expected team: 2cheraphpA)
02.12.2022 - 19:22:11 - [TAB v3.1.5] Something just tried to add player cheraphp into team VGJQH_AAAAA1 (expected team: 2cheraphpA)
02.12.2022 - 19:23:01 - [TAB v3.1.5] Something just tried to add player cheraphp into team VGJQH_AAAAA2 (expected team: 2cheraphpA)
02.12.2022 - 19:23:37 - [TAB v3.1.5] Something just tried to add player cheraphp into team VGJQH_AAAAA3 (expected team: 2cheraphpA)
02.12.2022 - 19:26:33 - [TAB v3.1.5] Something just tried to add player cheraphp into team USALG_AAAAA1 (expected team: 2cheraphpA)
02.12.2022 - 19:55:34 - [TAB v3.1.5] Something just tried to add player cheraphp into team FUBTX_AAAAA1 (expected team: 2cheraphpA)
02.12.2022 - 19:58:22 - [TAB v3.1.5] Something just tried to add player cheraphp into team FUBTX_AAAAA2 (expected team: 2cheraphpA)
02.12.2022 - 21:22:14 - [TAB v3.1.5] Something just tried to add player AltuYumusakG into team RTYLX_AAAAA1 (expected team: 2AltuYumusakGA)
02.12.2022 - 21:25:50 - [TAB v3.1.5] Something just tried to add player AltuYumusakG into team CUAJP_AAAAA1 (expected team: 2AltuYumusakGA)
02.12.2022 - 21:27:19 - [TAB v3.1.5] Something just tried to add player AltuYumusakG into team RZCCT_AAAAA1 (expected team: 2AltuYumusakGA)
02.12.2022 - 22:48:19 - [TAB v3.1.5] Something just tried to add player cheraphp into team JWTKD_AAAAA1 (expected team: 2cheraphpA)
02.12.2022 - 22:49:04 - [TAB v3.1.5] Something just tried to add player cheraphp into team JWTKD_AAAAA2 (expected team: 2cheraphpA)
02.12.2022 - 22:49:13 - [TAB v3.1.5] Something just tried to add player cheraphp into team JWTKD_AAAAA3 (expected team: 2cheraphpA)
02.12.2022 - 22:49:17 - [TAB v3.1.5] Something just tried to add player cheraphp into team JWTKD_AAAAA4 (expected team: 2cheraphpA)
02.12.2022 - 22:55:15 - [TAB v3.1.5] Something just tried to add player cheraphp into team NDDBV_AAAAA1 (expected team: 2cheraphpA)
02.12.2022 - 22:56:20 - [TAB v3.1.5] Something just tried to add player cheraphp into team NDDBV_AAAAA2 (expected team: 2cheraphpA)
02.12.2022 - 22:56:35 - [TAB v3.1.5] Something just tried to add player cheraphp into team NDDBV_AAAAA3 (expected team: 2cheraphpA)
02.12.2022 - 22:57:47 - [TAB v3.1.5] Something just tried to add player cheraphp into team NDDBV_AAAAA4 (expected team: 2cheraphpA)
